<?xml version="1.0" encoding="UTF-8"?>
<!-- Generated by org.testng.reporters.JUnitReportReporter -->
<testsuite hostname="A06P-A90F0AC0" name="com.dangdang.reader.testcases.PersonCenterTest" tests="1" failures="0" timestamp="8 May 2015 03:21:09 GMT" time="0.765" errors="0">
  <testcase name="GetPersonalMessageInfoListTest" time="0.765" classname="com.dangdang.reader.testcases.PersonCenterTest"/>
</testsuite> <!-- com.dangdang.reader.testcases.PersonCenterTest -->
