<?xml version="1.0" encoding="UTF-8"?>
<!-- Generated by org.testng.reporters.JUnitReportReporter -->
<testsuite hostname="A06P-A90F0AC0" name="com.dangdang.reader.testcases.bookstore.GetRechargeVirtualPidTestCase" tests="11" failures="0" timestamp="5 May 2015 10:35:10 GMT" time="1.078" errors="0">
  <testcase name="GetRechargeVirtualPidTest" time="0.031" classname="com.dangdang.reader.testcases.bookstore.GetRechargeVirtualPidTestCase"/>
  <testcase name="GetRechargeVirtualPidTest" time="0.032" classname="com.dangdang.reader.testcases.bookstore.GetRechargeVirtualPidTestCase"/>
  <testcase name="GetRechargeVirtualPidTest" time="0.031" classname="com.dangdang.reader.testcases.bookstore.GetRechargeVirtualPidTestCase"/>
  <testcase name="GetRechargeVirtualPidTest" time="0.031" classname="com.dangdang.reader.testcases.bookstore.GetRechargeVirtualPidTestCase"/>
  <testcase name="GetRechargeVirtualPidTest" time="0.046" classname="com.dangdang.reader.testcases.bookstore.GetRechargeVirtualPidTestCase"/>
  <testcase name="GetRechargeVirtualPidTest" time="0.031" classname="com.dangdang.reader.testcases.bookstore.GetRechargeVirtualPidTestCase"/>
  <testcase name="GetRechargeVirtualPidTest" time="0.735" classname="com.dangdang.reader.testcases.bookstore.GetRechargeVirtualPidTestCase"/>
  <testcase name="GetRechargeVirtualPidTest" time="0.032" classname="com.dangdang.reader.testcases.bookstore.GetRechargeVirtualPidTestCase"/>
  <testcase name="GetRechargeVirtualPidTest" time="0.031" classname="com.dangdang.reader.testcases.bookstore.GetRechargeVirtualPidTestCase"/>
  <testcase name="GetRechargeVirtualPidTest" time="0.047" classname="com.dangdang.reader.testcases.bookstore.GetRechargeVirtualPidTestCase"/>
  <testcase name="GetRechargeVirtualPidTest" time="0.031" classname="com.dangdang.reader.testcases.bookstore.GetRechargeVirtualPidTestCase"/>
</testsuite> <!-- com.dangdang.reader.testcases.bookstore.GetRechargeVirtualPidTestCase -->
