<?xml version="1.0" encoding="UTF-8"?>
<!-- Generated by org.testng.reporters.JUnitReportReporter -->
<testsuite hostname="A06P-A90F0AC0" name="com.dangdang.reader.testcases.bookstore.CategoryTest" tests="2" failures="0" timestamp="5 May 2015 10:56:31 GMT" time="0.000" errors="0">
  <testcase name="getBookListOfCategoryTest" time="0.000" classname="com.dangdang.reader.testcases.bookstore.CategoryTest"/>
  <testcase name="getBookCategoriesTest" time="0.000" classname="com.dangdang.reader.testcases.bookstore.CategoryTest"/>
</testsuite> <!-- com.dangdang.reader.testcases.bookstore.CategoryTest -->
