<?xml version="1.0" encoding="UTF-8"?>
<!-- Generated by org.testng.reporters.JUnitReportReporter -->
<testsuite hostname="A06P-A90F0AC0" name="com.dangdang.reader.testcases.bookstore.GetEbookOrderFlowV2TestCase" tests="5" failures="0" timestamp="7 May 2015 03:19:40 GMT" time="6.762" errors="0">
  <testcase name="GetEbookOrderFlowV2Test" time="0.020" classname="com.dangdang.reader.testcases.bookstore.GetEbookOrderFlowV2TestCase"/>
  <testcase name="GetEbookOrderFlowV2Test" time="0.030" classname="com.dangdang.reader.testcases.bookstore.GetEbookOrderFlowV2TestCase"/>
  <testcase name="GetEbookOrderFlowV2Test" time="0.931" classname="com.dangdang.reader.testcases.bookstore.GetEbookOrderFlowV2TestCase"/>
  <testcase name="GetEbookOrderFlowV2Test" time="5.741" classname="com.dangdang.reader.testcases.bookstore.GetEbookOrderFlowV2TestCase"/>
  <testcase name="GetEbookOrderFlowV2Test" time="0.040" classname="com.dangdang.reader.testcases.bookstore.GetEbookOrderFlowV2TestCase"/>
</testsuite> <!-- com.dangdang.reader.testcases.bookstore.GetEbookOrderFlowV2TestCase -->
