<?xml version="1.0" encoding="UTF-8"?>
<!-- Generated by org.testng.reporters.JUnitReportReporter -->
<testsuite hostname="A06P-A90F0AC0" name="com.dangdang.reader.testcases.bookstore.GetBookCategoriesTestCase" tests="1" failures="0" timestamp="7 May 2015 03:19:10 GMT" time="240.806" errors="0">
  <testcase name="GetBookCategoriesTest" time="240.806" classname="com.dangdang.reader.testcases.bookstore.GetBookCategoriesTestCase"/>
</testsuite> <!-- com.dangdang.reader.testcases.bookstore.GetBookCategoriesTestCase -->
